o:\college second semester\cie-101-project-main\debug\vc145.pdb
o:\college second semester\cie-101-project-main\debug\vc145.idb
o:\college second semester\cie-101-project-main\debug\auxil.obj
o:\college second semester\cie-101-project-main\debug\cmugraphics.obj
o:\college second semester\cie-101-project-main\debug\image.obj
o:\college second semester\cie-101-project-main\debug\keyqueue.obj
o:\college second semester\cie-101-project-main\debug\mousequeue.obj
o:\college second semester\cie-101-project-main\debug\windowinput.obj
o:\college second semester\cie-101-project-main\debug\drawable.obj
o:\college second semester\cie-101-project-main\debug\game.obj
o:\college second semester\cie-101-project-main\debug\gameobject.obj
o:\college second semester\cie-101-project-main\debug\animal.obj
o:\college second semester\cie-101-project-main\debug\main.obj
o:\college second semester\cie-101-project-main\debug\budgetbar.obj
o:\college second semester\cie-101-project-main\debug\toolbar.obj
o:\college second semester\cie-101-project-main\debug\jdhuff.obj
o:\college second semester\cie-101-project-main\debug\jdinput.obj
o:\college second semester\cie-101-project-main\debug\jdmainct.obj
o:\college second semester\cie-101-project-main\debug\jdmarker.obj
o:\college second semester\cie-101-project-main\debug\jdmaster.obj
o:\college second semester\cie-101-project-main\debug\jdmerge.obj
o:\college second semester\cie-101-project-main\debug\jdphuff.obj
o:\college second semester\cie-101-project-main\debug\jdpostct.obj
o:\college second semester\cie-101-project-main\debug\jdsample.obj
o:\college second semester\cie-101-project-main\debug\jdtrans.obj
o:\college second semester\cie-101-project-main\debug\jerror.obj
o:\college second semester\cie-101-project-main\debug\jidctflt.obj
o:\college second semester\cie-101-project-main\debug\jidctfst.obj
o:\college second semester\cie-101-project-main\debug\jidctint.obj
o:\college second semester\cie-101-project-main\debug\jidctred.obj
o:\college second semester\cie-101-project-main\debug\jmemmgr.obj
o:\college second semester\cie-101-project-main\debug\jmemnobs.obj
o:\college second semester\cie-101-project-main\debug\jquant1.obj
o:\college second semester\cie-101-project-main\debug\jquant2.obj
o:\college second semester\cie-101-project-main\debug\jutils.obj
o:\college second semester\cie-101-project-main\debug\jpegload.obj
o:\college second semester\cie-101-project-main\debug\jcomapi.obj
o:\college second semester\cie-101-project-main\debug\jcparam.obj
o:\college second semester\cie-101-project-main\debug\jdapimin.obj
o:\college second semester\cie-101-project-main\debug\jdapistd.obj
o:\college second semester\cie-101-project-main\debug\jdatasrc.obj
o:\college second semester\cie-101-project-main\debug\jdcoefct.obj
o:\college second semester\cie-101-project-main\debug\jdcolor.obj
o:\college second semester\cie-101-project-main\debug\jddctmgr.obj
o:\college second semester\cie-101-project-main\debug\graphics_prj.exe
o:\college second semester\cie-101-project-main\debug\graphics_prj.tlog\cl.command.1.tlog
o:\college second semester\cie-101-project-main\debug\graphics_prj.tlog\cl.read.1.tlog
o:\college second semester\cie-101-project-main\debug\graphics_prj.tlog\cl.write.1.tlog
o:\college second semester\cie-101-project-main\debug\graphics_prj.tlog\link.command.1.tlog
o:\college second semester\cie-101-project-main\debug\graphics_prj.tlog\link.read.1.tlog
o:\college second semester\cie-101-project-main\debug\graphics_prj.tlog\link.write.1.tlog
