cl : command line  warning D9035: option 'Gm' has been deprecated and will be removed in a future release
  Toolbar.cpp
  BudgetBar.cpp
  main.cpp
  food.cpp
  Animal.cpp
  GameObject.cpp
C:\Users\Yosif\Desktop\ZC\CIE 101 C++\Project\CIE-101-Project\Core\GameObject.cpp(103,127): warning C4244: 'argument': conversion from 'double' to 'const int', possible loss of data
C:\Users\Yosif\Desktop\ZC\CIE 101 C++\Project\CIE-101-Project\Core\GameObject.cpp(103,102): warning C4244: 'argument': conversion from 'double' to 'const int', possible loss of data
C:\Users\Yosif\Desktop\ZC\CIE 101 C++\Project\CIE-101-Project\Core\GameObject.cpp(103,76): warning C4244: 'argument': conversion from 'double' to 'const int', possible loss of data
C:\Users\Yosif\Desktop\ZC\CIE 101 C++\Project\CIE-101-Project\Core\GameObject.cpp(103,52): warning C4244: 'argument': conversion from 'double' to 'const int', possible loss of data
C:\Users\Yosif\Desktop\ZC\CIE 101 C++\Project\CIE-101-Project\Core\GameObject.cpp(104,127): warning C4244: 'argument': conversion from 'double' to 'const int', possible loss of data
C:\Users\Yosif\Desktop\ZC\CIE 101 C++\Project\CIE-101-Project\Core\GameObject.cpp(104,102): warning C4244: 'argument': conversion from 'double' to 'const int', possible loss of data
C:\Users\Yosif\Desktop\ZC\CIE 101 C++\Project\CIE-101-Project\Core\GameObject.cpp(104,76): warning C4244: 'argument': conversion from 'double' to 'const int', possible loss of data
C:\Users\Yosif\Desktop\ZC\CIE 101 C++\Project\CIE-101-Project\Core\GameObject.cpp(104,52): warning C4244: 'argument': conversion from 'double' to 'const int', possible loss of data
C:\Users\Yosif\Desktop\ZC\CIE 101 C++\Project\CIE-101-Project\Core\GameObject.cpp(107,57): warning C4244: 'argument': conversion from 'double' to 'const int', possible loss of data
C:\Users\Yosif\Desktop\ZC\CIE 101 C++\Project\CIE-101-Project\Core\GameObject.cpp(107,32): warning C4244: 'argument': conversion from 'double' to 'const int', possible loss of data
C:\Users\Yosif\Desktop\ZC\CIE 101 C++\Project\CIE-101-Project\Core\GameObject.cpp(108,57): warning C4244: 'argument': conversion from 'double' to 'const int', possible loss of data
C:\Users\Yosif\Desktop\ZC\CIE 101 C++\Project\CIE-101-Project\Core\GameObject.cpp(108,32): warning C4244: 'argument': conversion from 'double' to 'const int', possible loss of data
C:\Users\Yosif\Desktop\ZC\CIE 101 C++\Project\CIE-101-Project\Core\GameObject.cpp(110,108): warning C4244: 'argument': conversion from 'double' to 'const int', possible loss of data
C:\Users\Yosif\Desktop\ZC\CIE 101 C++\Project\CIE-101-Project\Core\GameObject.cpp(110,84): warning C4244: 'argument': conversion from 'double' to 'const int', possible loss of data
C:\Users\Yosif\Desktop\ZC\CIE 101 C++\Project\CIE-101-Project\Core\GameObject.cpp(110,59): warning C4244: 'argument': conversion from 'double' to 'const int', possible loss of data
C:\Users\Yosif\Desktop\ZC\CIE 101 C++\Project\CIE-101-Project\Core\GameObject.cpp(110,35): warning C4244: 'argument': conversion from 'double' to 'const int', possible loss of data
C:\Users\Yosif\Desktop\ZC\CIE 101 C++\Project\CIE-101-Project\Core\GameObject.cpp(111,108): warning C4244: 'argument': conversion from 'double' to 'const int', possible loss of data
C:\Users\Yosif\Desktop\ZC\CIE 101 C++\Project\CIE-101-Project\Core\GameObject.cpp(111,84): warning C4244: 'argument': conversion from 'double' to 'const int', possible loss of data
C:\Users\Yosif\Desktop\ZC\CIE 101 C++\Project\CIE-101-Project\Core\GameObject.cpp(111,59): warning C4244: 'argument': conversion from 'double' to 'const int', possible loss of data
C:\Users\Yosif\Desktop\ZC\CIE 101 C++\Project\CIE-101-Project\Core\GameObject.cpp(111,35): warning C4244: 'argument': conversion from 'double' to 'const int', possible loss of data
C:\Users\Yosif\Desktop\ZC\CIE 101 C++\Project\CIE-101-Project\Core\GameObject.cpp(112,57): warning C4244: 'argument': conversion from 'double' to 'const int', possible loss of data
C:\Users\Yosif\Desktop\ZC\CIE 101 C++\Project\CIE-101-Project\Core\GameObject.cpp(112,32): warning C4244: 'argument': conversion from 'double' to 'const int', possible loss of data
C:\Users\Yosif\Desktop\ZC\CIE 101 C++\Project\CIE-101-Project\Core\GameObject.cpp(113,58): warning C4244: 'argument': conversion from 'double' to 'const int', possible loss of data
C:\Users\Yosif\Desktop\ZC\CIE 101 C++\Project\CIE-101-Project\Core\GameObject.cpp(113,33): warning C4244: 'argument': conversion from 'double' to 'const int', possible loss of data
C:\Users\Yosif\Desktop\ZC\CIE 101 C++\Project\CIE-101-Project\Core\GameObject.cpp(114,65): warning C4244: 'argument': conversion from 'double' to 'const int', possible loss of data
C:\Users\Yosif\Desktop\ZC\CIE 101 C++\Project\CIE-101-Project\Core\GameObject.cpp(114,41): warning C4244: 'argument': conversion from 'double' to 'const int', possible loss of data
C:\Users\Yosif\Desktop\ZC\CIE 101 C++\Project\CIE-101-Project\Core\GameObject.cpp(115,59): warning C4244: 'argument': conversion from 'double' to 'const int', possible loss of data
C:\Users\Yosif\Desktop\ZC\CIE 101 C++\Project\CIE-101-Project\Core\GameObject.cpp(115,34): warning C4244: 'argument': conversion from 'double' to 'const int', possible loss of data
C:\Users\Yosif\Desktop\ZC\CIE 101 C++\Project\CIE-101-Project\Core\GameObject.cpp(118,57): warning C4244: 'argument': conversion from 'double' to 'const int', possible loss of data
C:\Users\Yosif\Desktop\ZC\CIE 101 C++\Project\CIE-101-Project\Core\GameObject.cpp(118,33): warning C4244: 'argument': conversion from 'double' to 'const int', possible loss of data
C:\Users\Yosif\Desktop\ZC\CIE 101 C++\Project\CIE-101-Project\Core\GameObject.cpp(119,57): warning C4244: 'argument': conversion from 'double' to 'const int', possible loss of data
C:\Users\Yosif\Desktop\ZC\CIE 101 C++\Project\CIE-101-Project\Core\GameObject.cpp(119,33): warning C4244: 'argument': conversion from 'double' to 'const int', possible loss of data
C:\Users\Yosif\Desktop\ZC\CIE 101 C++\Project\CIE-101-Project\Core\GameObject.cpp(128,109): warning C4244: 'argument': conversion from 'double' to 'const int', possible loss of data
C:\Users\Yosif\Desktop\ZC\CIE 101 C++\Project\CIE-101-Project\Core\GameObject.cpp(128,86): warning C4244: 'argument': conversion from 'double' to 'const int', possible loss of data
C:\Users\Yosif\Desktop\ZC\CIE 101 C++\Project\CIE-101-Project\Core\GameObject.cpp(128,62): warning C4244: 'argument': conversion from 'double' to 'const int', possible loss of data
C:\Users\Yosif\Desktop\ZC\CIE 101 C++\Project\CIE-101-Project\Core\GameObject.cpp(128,38): warning C4244: 'argument': conversion from 'double' to 'const int', possible loss of data
C:\Users\Yosif\Desktop\ZC\CIE 101 C++\Project\CIE-101-Project\Core\GameObject.cpp(137,109): warning C4244: 'argument': conversion from 'double' to 'const int', possible loss of data
C:\Users\Yosif\Desktop\ZC\CIE 101 C++\Project\CIE-101-Project\Core\GameObject.cpp(137,86): warning C4244: 'argument': conversion from 'double' to 'const int', possible loss of data
C:\Users\Yosif\Desktop\ZC\CIE 101 C++\Project\CIE-101-Project\Core\GameObject.cpp(137,62): warning C4244: 'argument': conversion from 'double' to 'const int', possible loss of data
C:\Users\Yosif\Desktop\ZC\CIE 101 C++\Project\CIE-101-Project\Core\GameObject.cpp(137,38): warning C4244: 'argument': conversion from 'double' to 'const int', possible loss of data
  Game.cpp
C:\Users\Yosif\Desktop\ZC\CIE 101 C++\Project\CIE-101-Project\Core\Game.cpp(181,13): warning C4244: 'initializing': conversion from 'double' to 'int', possible loss of data
C:\Users\Yosif\Desktop\ZC\CIE 101 C++\Project\CIE-101-Project\Core\Game.cpp(242,14): warning C4244: 'initializing': conversion from '__int64' to 'int', possible loss of data
  Drawable.cpp
  windowinput.cpp
  mousequeue.cpp
  keyqueue.cpp
  image.cpp
C:\Users\Yosif\Desktop\ZC\CIE 101 C++\Project\CIE-101-Project\CMUgraphicsLib\image.cpp(115,29): warning C4018: '<': signed/unsigned mismatch
  CMUgraphics.cpp
C:\Users\Yosif\Desktop\ZC\CIE 101 C++\Project\CIE-101-Project\CMUgraphicsLib\CMUgraphics.cpp(751,3): warning C4996: 'strcpy': This function or variable may be unsafe. Consider using strcpy_s instead. To disable deprecation, use _CRT_SECURE_NO_WARNINGS. See online help for details.
C:\Users\Yosif\Desktop\ZC\CIE 101 C++\Project\CIE-101-Project\CMUgraphicsLib\CMUgraphics.cpp(1164,2): warning C4996: 'sprintf': This function or variable may be unsafe. Consider using sprintf_s instead. To disable deprecation, use _CRT_SECURE_NO_WARNINGS. See online help for details.
C:\Users\Yosif\Desktop\ZC\CIE 101 C++\Project\CIE-101-Project\CMUgraphicsLib\CMUgraphics.cpp(1171,2): warning C4996: 'sprintf': This function or variable may be unsafe. Consider using sprintf_s instead. To disable deprecation, use _CRT_SECURE_NO_WARNINGS. See online help for details.
C:\Users\Yosif\Desktop\ZC\CIE 101 C++\Project\CIE-101-Project\CMUgraphicsLib\CMUgraphics.cpp(1202,2): warning C4996: 'sprintf': This function or variable may be unsafe. Consider using sprintf_s instead. To disable deprecation, use _CRT_SECURE_NO_WARNINGS. See online help for details.
C:\Users\Yosif\Desktop\ZC\CIE 101 C++\Project\CIE-101-Project\CMUgraphicsLib\CMUgraphics.cpp(1210,2): warning C4996: 'sprintf': This function or variable may be unsafe. Consider using sprintf_s instead. To disable deprecation, use _CRT_SECURE_NO_WARNINGS. See online help for details.
C:\Users\Yosif\Desktop\ZC\CIE 101 C++\Project\CIE-101-Project\CMUgraphicsLib\CMUgraphics.cpp(1357,23): warning C4018: '>': signed/unsigned mismatch
  auxil.cpp
  Generating Code...
cl : command line  warning D9035: option 'Gm' has been deprecated and will be removed in a future release
  jutils.c
  jquant2.c
  jquant1.c
  jmemnobs.c
  jmemmgr.c
C:\Users\Yosif\Desktop\ZC\CIE 101 C++\Project\CIE-101-Project\CMUgraphicsLib\jpeg\jmemmgr.c(1103,19): warning C4996: 'getenv': This function or variable may be unsafe. Consider using _dupenv_s instead. To disable deprecation, use _CRT_SECURE_NO_WARNINGS. See online help for details.
C:\Users\Yosif\Desktop\ZC\CIE 101 C++\Project\CIE-101-Project\CMUgraphicsLib\jpeg\jmemmgr.c(1106,11): warning C4996: 'sscanf': This function or variable may be unsafe. Consider using sscanf_s instead. To disable deprecation, use _CRT_SECURE_NO_WARNINGS. See online help for details.
  jidctred.c
  jidctint.c
  jidctfst.c
  jidctflt.c
  jerror.c
C:\Users\Yosif\Desktop\ZC\CIE 101 C++\Project\CIE-101-Project\CMUgraphicsLib\jpeg\jerror.c(169,5): warning C4996: 'sprintf': This function or variable may be unsafe. Consider using sprintf_s instead. To disable deprecation, use _CRT_SECURE_NO_WARNINGS. See online help for details.
C:\Users\Yosif\Desktop\ZC\CIE 101 C++\Project\CIE-101-Project\CMUgraphicsLib\jpeg\jerror.c(171,5): warning C4996: 'sprintf': This function or variable may be unsafe. Consider using sprintf_s instead. To disable deprecation, use _CRT_SECURE_NO_WARNINGS. See online help for details.
  jdtrans.c
  jdsample.c
  jdpostct.c
  jdphuff.c
  jdmerge.c
  jdmaster.c
  jdmarker.c
  jdmainct.c
  jdinput.c
  jdhuff.c
  Generating Code...
  Compiling...
  jddctmgr.c
  jdcolor.c
  jdcoefct.c
  jdatasrc.c
  jdapistd.c
  jdapimin.c
  jcparam.c
  jcomapi.c
  jpegload.c
C:\Users\Yosif\Desktop\ZC\CIE 101 C++\Project\CIE-101-Project\CMUgraphicsLib\jpegload.c(23,12): warning C4996: 'fopen': This function or variable may be unsafe. Consider using fopen_s instead. To disable deprecation, use _CRT_SECURE_NO_WARNINGS. See online help for details.
  Generating Code...
auxil.obj : warning LNK4075: ignoring '/EDITANDCONTINUE' due to '/SAFESEH' specification
  graphics_prj.vcxproj -> C:\Users\Yosif\Desktop\ZC\CIE 101 C++\Project\CIE-101-Project\Debug\graphics_prj.exe
